This file contains any messages produced by compilers while
running configure, to aid debugging if configure makes a mistake.

It was created by FULL-PACKAGE-NAME configure VERSION, which was
generated by GNU Autoconf 2.67.  Invocation command line was

  $ ./configure 

## --------- ##
## Platform. ##
## --------- ##

hostname = dev
uname -m = x86_64
uname -r = 2.6.38-13-generic
uname -s = Linux
uname -v = #53-Ubuntu SMP Mon Nov 28 19:33:45 UTC 2011

/usr/bin/uname -p = unknown
/bin/uname -X     = unknown

/bin/arch              = unknown
/usr/bin/arch -k       = unknown
/usr/convex/getsysinfo = unknown
/usr/bin/hostinfo      = unknown
/bin/machine           = unknown
/usr/bin/oslevel       = unknown
/bin/universe          = unknown

PATH: /usr/local/sbin
PATH: /usr/local/bin
PATH: /usr/sbin
PATH: /usr/bin
PATH: /sbin
PATH: /bin
PATH: /usr/games


## ----------- ##
## Core tests. ##
## ----------- ##

configure:2041: checking for a BSD-compatible install
configure:2109: result: /usr/bin/install -c
configure:2120: checking whether build environment is sane
configure:2170: result: yes
configure:2311: checking for a thread-safe mkdir -p
configure:2350: result: /bin/mkdir -p
configure:2363: checking for gawk
configure:2393: result: no
configure:2363: checking for mawk
configure:2379: found /usr/bin/mawk
configure:2390: result: mawk
configure:2401: checking whether make sets $(MAKE)
configure:2423: result: yes
configure:2560: checking for clang
configure:2576: found /usr/bin/clang
configure:2587: result: clang
configure:2618: checking for C compiler version
configure:2627: clang --version >&5
clang version 2.8 (branches/release_28)
Target: x86_64-pc-linux-gnu
Thread model: posix
configure:2638: $? = 0
configure:2627: clang -v >&5
clang version 2.8 (branches/release_28)
Target: x86_64-pc-linux-gnu
Thread model: posix
configure:2638: $? = 0
configure:2627: clang -V >&5
clang: error: argument to '-V' is missing (expected 1 value)
clang: error: no input files
configure:2638: $? = 1
configure:2627: clang -qversion >&5
clang: error: no input files
configure:2638: $? = 1
configure:2658: checking whether the C compiler works
configure:2680: clang    conftest.c  >&5
configure:2684: $? = 0
configure:2732: result: yes
configure:2735: checking for C compiler default output file name
configure:2737: result: a.out
configure:2743: checking for suffix of executables
configure:2750: clang -o conftest    conftest.c  >&5
configure:2754: $? = 0
configure:2776: result: 
configure:2798: checking whether we are cross compiling
configure:2806: clang -o conftest    conftest.c  >&5
configure:2810: $? = 0
configure:2817: ./conftest
configure:2821: $? = 0
configure:2836: result: no
configure:2841: checking for suffix of object files
configure:2863: clang -c   conftest.c >&5
configure:2867: $? = 0
configure:2888: result: o
configure:2892: checking whether we are using the GNU C compiler
configure:2911: clang -c   conftest.c >&5
configure:2911: $? = 0
configure:2920: result: yes
configure:2929: checking whether clang accepts -g
configure:2949: clang -c -g  conftest.c >&5
configure:2949: $? = 0
configure:2990: result: yes
configure:3007: checking for clang option to accept ISO C89
configure:3071: clang  -c -g -O2  conftest.c >&5
configure:3071: $? = 0
configure:3084: result: none needed
configure:3115: checking for style of include used by make
configure:3143: result: GNU
configure:3168: checking dependency style of clang
configure:3278: result: gcc3
configure:3293: checking whether make sets $(MAKE)
configure:3315: result: yes
configure:3335: checking how to run the C preprocessor
configure:3366: clang -E  conftest.c
configure:3366: $? = 0
configure:3380: clang -E  conftest.c
conftest.c:11:10: fatal error: 'ac_nonexistent.h' file not found
#include <ac_nonexistent.h>
         ^
1 error generated.
configure:3380: $? = 1
configure: failed program was:
| /* confdefs.h */
| #define PACKAGE_NAME "FULL-PACKAGE-NAME"
| #define PACKAGE_TARNAME "full-package-name"
| #define PACKAGE_VERSION "VERSION"
| #define PACKAGE_STRING "FULL-PACKAGE-NAME VERSION"
| #define PACKAGE_BUGREPORT "BUG-REPORT-ADDRESS"
| #define PACKAGE_URL ""
| #define PACKAGE "full-package-name"
| #define VERSION "VERSION"
| /* end confdefs.h.  */
| #include <ac_nonexistent.h>
configure:3405: result: clang -E
configure:3425: clang -E  conftest.c
configure:3425: $? = 0
configure:3439: clang -E  conftest.c
conftest.c:11:10: fatal error: 'ac_nonexistent.h' file not found
#include <ac_nonexistent.h>
         ^
1 error generated.
configure:3439: $? = 1
configure: failed program was:
| /* confdefs.h */
| #define PACKAGE_NAME "FULL-PACKAGE-NAME"
| #define PACKAGE_TARNAME "full-package-name"
| #define PACKAGE_VERSION "VERSION"
| #define PACKAGE_STRING "FULL-PACKAGE-NAME VERSION"
| #define PACKAGE_BUGREPORT "BUG-REPORT-ADDRESS"
| #define PACKAGE_URL ""
| #define PACKAGE "full-package-name"
| #define VERSION "VERSION"
| /* end confdefs.h.  */
| #include <ac_nonexistent.h>
configure:3468: checking for grep that handles long lines and -e
configure:3526: result: /bin/grep
configure:3531: checking for egrep
configure:3593: result: /bin/grep -E
configure:3598: checking for ANSI C header files
configure:3618: clang -c -g -O2  conftest.c >&5
configure:3618: $? = 0
configure:3691: clang -o conftest -g -O2   conftest.c  >&5
configure:3691: $? = 0
configure:3691: ./conftest
configure:3691: $? = 0
configure:3702: result: yes
configure:3715: checking for sys/types.h
configure:3715: clang -c -g -O2  conftest.c >&5
configure:3715: $? = 0
configure:3715: result: yes
configure:3715: checking for sys/stat.h
configure:3715: clang -c -g -O2  conftest.c >&5
configure:3715: $? = 0
configure:3715: result: yes
configure:3715: checking for stdlib.h
configure:3715: clang -c -g -O2  conftest.c >&5
configure:3715: $? = 0
configure:3715: result: yes
configure:3715: checking for string.h
configure:3715: clang -c -g -O2  conftest.c >&5
configure:3715: $? = 0
configure:3715: result: yes
configure:3715: checking for memory.h
configure:3715: clang -c -g -O2  conftest.c >&5
configure:3715: $? = 0
configure:3715: result: yes
configure:3715: checking for strings.h
configure:3715: clang -c -g -O2  conftest.c >&5
configure:3715: $? = 0
configure:3715: result: yes
configure:3715: checking for inttypes.h
configure:3715: clang -c -g -O2  conftest.c >&5
configure:3715: $? = 0
configure:3715: result: yes
configure:3715: checking for stdint.h
configure:3715: clang -c -g -O2  conftest.c >&5
configure:3715: $? = 0
configure:3715: result: yes
configure:3715: checking for unistd.h
configure:3715: clang -c -g -O2  conftest.c >&5
configure:3715: $? = 0
configure:3715: result: yes
configure:3730: checking for unistd.h
configure:3730: result: yes
configure:3730: checking proc/devname.h usability
configure:3730: clang -c -g -O2  conftest.c >&5
configure:3730: $? = 0
configure:3730: result: yes
configure:3730: checking proc/devname.h presence
configure:3730: clang -E  conftest.c
configure:3730: $? = 0
configure:3730: result: yes
configure:3730: checking for proc/devname.h
configure:3730: result: yes
configure:3730: checking proc/wchan.h usability
configure:3730: clang -c -g -O2  conftest.c >&5
configure:3730: $? = 0
configure:3730: result: yes
configure:3730: checking proc/wchan.h presence
configure:3730: clang -E  conftest.c
configure:3730: $? = 0
configure:3730: result: yes
configure:3730: checking for proc/wchan.h
configure:3730: result: yes
configure:3730: checking proc/procps.h usability
configure:3730: clang -c -g -O2  conftest.c >&5
configure:3730: $? = 0
configure:3730: result: yes
configure:3730: checking proc/procps.h presence
configure:3730: clang -E  conftest.c
configure:3730: $? = 0
configure:3730: result: yes
configure:3730: checking for proc/procps.h
configure:3730: result: yes
configure:3730: checking proc/readproc.h usability
configure:3730: clang -c -g -O2  conftest.c >&5
configure:3730: $? = 0
configure:3730: result: yes
configure:3730: checking proc/readproc.h presence
configure:3730: clang -E  conftest.c
configure:3730: $? = 0
configure:3730: result: yes
configure:3730: checking for proc/readproc.h
configure:3730: result: yes
configure:3730: checking proc/escape.h usability
configure:3730: clang -c -g -O2  conftest.c >&5
configure:3730: $? = 0
configure:3730: result: yes
configure:3730: checking proc/escape.h presence
configure:3730: clang -E  conftest.c
configure:3730: $? = 0
configure:3730: result: yes
configure:3730: checking for proc/escape.h
configure:3730: result: yes
configure:3730: checking proc/sig.h usability
configure:3730: clang -c -g -O2  conftest.c >&5
configure:3730: $? = 0
configure:3730: result: yes
configure:3730: checking proc/sig.h presence
configure:3730: clang -E  conftest.c
configure:3730: $? = 0
configure:3730: result: yes
configure:3730: checking for proc/sig.h
configure:3730: result: yes
configure:3730: checking proc/sysinfo.h usability
configure:3730: clang -c -g -O2  conftest.c >&5
configure:3730: $? = 0
configure:3730: result: yes
configure:3730: checking proc/sysinfo.h presence
configure:3730: clang -E  conftest.c
configure:3730: $? = 0
configure:3730: result: yes
configure:3730: checking for proc/sysinfo.h
configure:3730: result: yes
configure:3730: checking proc/version.h usability
configure:3730: clang -c -g -O2  conftest.c >&5
configure:3730: $? = 0
configure:3730: result: yes
configure:3730: checking proc/version.h presence
configure:3730: clang -E  conftest.c
configure:3730: $? = 0
configure:3730: result: yes
configure:3730: checking for proc/version.h
configure:3730: result: yes
configure:3730: checking proc/whattime.h usability
configure:3730: clang -c -g -O2  conftest.c >&5
configure:3730: $? = 0
configure:3730: result: yes
configure:3730: checking proc/whattime.h presence
configure:3730: clang -E  conftest.c
configure:3730: $? = 0
configure:3730: result: yes
configure:3730: checking for proc/whattime.h
configure:3730: result: yes
configure:3903: creating ./config.status

## ---------------------- ##
## Running config.status. ##
## ---------------------- ##

This file was extended by FULL-PACKAGE-NAME config.status VERSION, which was
generated by GNU Autoconf 2.67.  Invocation command line was

  CONFIG_FILES    = 
  CONFIG_HEADERS  = 
  CONFIG_LINKS    = 
  CONFIG_COMMANDS = 
  $ ./config.status 

on dev

config.status:783: creating Makefile
config.status:783: creating src/Makefile
config.status:954: executing depfiles commands

## ---------------- ##
## Cache variables. ##
## ---------------- ##

ac_cv_c_compiler_gnu=yes
ac_cv_env_CC_set=
ac_cv_env_CC_value=
ac_cv_env_CFLAGS_set=
ac_cv_env_CFLAGS_value=
ac_cv_env_CPPFLAGS_set=
ac_cv_env_CPPFLAGS_value=
ac_cv_env_CPP_set=
ac_cv_env_CPP_value=
ac_cv_env_LDFLAGS_set=
ac_cv_env_LDFLAGS_value=
ac_cv_env_LIBS_set=
ac_cv_env_LIBS_value=
ac_cv_env_build_alias_set=
ac_cv_env_build_alias_value=
ac_cv_env_host_alias_set=
ac_cv_env_host_alias_value=
ac_cv_env_target_alias_set=
ac_cv_env_target_alias_value=
ac_cv_header_inttypes_h=yes
ac_cv_header_memory_h=yes
ac_cv_header_proc_devname_h=yes
ac_cv_header_proc_escape_h=yes
ac_cv_header_proc_procps_h=yes
ac_cv_header_proc_readproc_h=yes
ac_cv_header_proc_sig_h=yes
ac_cv_header_proc_sysinfo_h=yes
ac_cv_header_proc_version_h=yes
ac_cv_header_proc_wchan_h=yes
ac_cv_header_proc_whattime_h=yes
ac_cv_header_stdc=yes
ac_cv_header_stdint_h=yes
ac_cv_header_stdlib_h=yes
ac_cv_header_string_h=yes
ac_cv_header_strings_h=yes
ac_cv_header_sys_stat_h=yes
ac_cv_header_sys_types_h=yes
ac_cv_header_unistd_h=yes
ac_cv_objext=o
ac_cv_path_EGREP='/bin/grep -E'
ac_cv_path_GREP=/bin/grep
ac_cv_path_install='/usr/bin/install -c'
ac_cv_path_mkdir=/bin/mkdir
ac_cv_prog_AWK=mawk
ac_cv_prog_CPP='clang -E'
ac_cv_prog_ac_ct_CC=clang
ac_cv_prog_cc_c89=
ac_cv_prog_cc_g=yes
ac_cv_prog_make_make_set=yes
am_cv_CC_dependencies_compiler_type=gcc3

## ----------------- ##
## Output variables. ##
## ----------------- ##

ACLOCAL='${SHELL} /home/dev1/xproj103/missing --run aclocal-1.11'
AMDEPBACKSLASH='\'
AMDEP_FALSE='#'
AMDEP_TRUE=''
AMTAR='${SHELL} /home/dev1/xproj103/missing --run tar'
AUTOCONF='${SHELL} /home/dev1/xproj103/missing --run autoconf'
AUTOHEADER='${SHELL} /home/dev1/xproj103/missing --run autoheader'
AUTOMAKE='${SHELL} /home/dev1/xproj103/missing --run automake-1.11'
AWK='mawk'
CC='clang'
CCDEPMODE='depmode=gcc3'
CFLAGS='-g -O2'
CPP='clang -E'
CPPFLAGS=''
CYGPATH_W='echo'
DEFS='-DPACKAGE_NAME=\"FULL-PACKAGE-NAME\" -DPACKAGE_TARNAME=\"full-package-name\" -DPACKAGE_VERSION=\"VERSION\" -DPACKAGE_STRING=\"FULL-PACKAGE-NAME\ VERSION\" -DPACKAGE_BUGREPORT=\"BUG-REPORT-ADDRESS\" -DPACKAGE_URL=\"\" -DPACKAGE=\"full-package-name\" -DVERSION=\"VERSION\" -DSTDC_HEADERS=1 -DHAVE_SYS_TYPES_H=1 -DHAVE_SYS_STAT_H=1 -DHAVE_STDLIB_H=1 -DHAVE_STRING_H=1 -DHAVE_MEMORY_H=1 -DHAVE_STRINGS_H=1 -DHAVE_INTTYPES_H=1 -DHAVE_STDINT_H=1 -DHAVE_UNISTD_H=1 -DHAVE_UNISTD_H=1 -DHAVE_PROC_DEVNAME_H=1 -DHAVE_PROC_WCHAN_H=1 -DHAVE_PROC_PROCPS_H=1 -DHAVE_PROC_READPROC_H=1 -DHAVE_PROC_ESCAPE_H=1 -DHAVE_PROC_SIG_H=1 -DHAVE_PROC_SYSINFO_H=1 -DHAVE_PROC_VERSION_H=1 -DHAVE_PROC_WHATTIME_H=1'
DEPDIR='.deps'
ECHO_C=''
ECHO_N='-n'
ECHO_T=''
EGREP='/bin/grep -E'
EXEEXT=''
GREP='/bin/grep'
INSTALL_DATA='${INSTALL} -m 644'
INSTALL_PROGRAM='${INSTALL}'
INSTALL_SCRIPT='${INSTALL}'
INSTALL_STRIP_PROGRAM='$(install_sh) -c -s'
LDFLAGS=''
LIBOBJS=''
LIBS=''
LTLIBOBJS=''
MAKEINFO='${SHELL} /home/dev1/xproj103/missing --run makeinfo'
MKDIR_P='/bin/mkdir -p'
OBJEXT='o'
PACKAGE='full-package-name'
PACKAGE_BUGREPORT='BUG-REPORT-ADDRESS'
PACKAGE_NAME='FULL-PACKAGE-NAME'
PACKAGE_STRING='FULL-PACKAGE-NAME VERSION'
PACKAGE_TARNAME='full-package-name'
PACKAGE_URL=''
PACKAGE_VERSION='VERSION'
PATH_SEPARATOR=':'
SET_MAKE=''
SHELL='/bin/bash'
STRIP=''
VERSION='VERSION'
ac_ct_CC='clang'
am__EXEEXT_FALSE=''
am__EXEEXT_TRUE='#'
am__fastdepCC_FALSE='#'
am__fastdepCC_TRUE=''
am__include='include'
am__isrc=''
am__leading_dot='.'
am__quote=''
am__tar='${AMTAR} chof - "$$tardir"'
am__untar='${AMTAR} xf -'
bindir='${exec_prefix}/bin'
build_alias=''
datadir='${datarootdir}'
datarootdir='${prefix}/share'
docdir='${datarootdir}/doc/${PACKAGE_TARNAME}'
dvidir='${docdir}'
exec_prefix='${prefix}'
host_alias=''
htmldir='${docdir}'
includedir='${prefix}/include'
infodir='${datarootdir}/info'
install_sh='${SHELL} /home/dev1/xproj103/install-sh'
libdir='${exec_prefix}/lib'
libexecdir='${exec_prefix}/libexec'
localedir='${datarootdir}/locale'
localstatedir='${prefix}/var'
mandir='${datarootdir}/man'
mkdir_p='/bin/mkdir -p'
oldincludedir='/usr/include'
pdfdir='${docdir}'
prefix='/usr/local'
program_transform_name='s,x,x,'
psdir='${docdir}'
sbindir='${exec_prefix}/sbin'
sharedstatedir='${prefix}/com'
sysconfdir='${prefix}/etc'
target_alias=''

## ----------- ##
## confdefs.h. ##
## ----------- ##

/* confdefs.h */
#define PACKAGE_NAME "FULL-PACKAGE-NAME"
#define PACKAGE_TARNAME "full-package-name"
#define PACKAGE_VERSION "VERSION"
#define PACKAGE_STRING "FULL-PACKAGE-NAME VERSION"
#define PACKAGE_BUGREPORT "BUG-REPORT-ADDRESS"
#define PACKAGE_URL ""
#define PACKAGE "full-package-name"
#define VERSION "VERSION"
#define STDC_HEADERS 1
#define HAVE_SYS_TYPES_H 1
#define HAVE_SYS_STAT_H 1
#define HAVE_STDLIB_H 1
#define HAVE_STRING_H 1
#define HAVE_MEMORY_H 1
#define HAVE_STRINGS_H 1
#define HAVE_INTTYPES_H 1
#define HAVE_STDINT_H 1
#define HAVE_UNISTD_H 1
#define HAVE_UNISTD_H 1
#define HAVE_PROC_DEVNAME_H 1
#define HAVE_PROC_WCHAN_H 1
#define HAVE_PROC_PROCPS_H 1
#define HAVE_PROC_READPROC_H 1
#define HAVE_PROC_ESCAPE_H 1
#define HAVE_PROC_SIG_H 1
#define HAVE_PROC_SYSINFO_H 1
#define HAVE_PROC_VERSION_H 1
#define HAVE_PROC_WHATTIME_H 1

configure: exit 0
